2023-06-21 17:33:12,266 INFO o.a.j.u.JMeterUtils: Setting Locale to zh_CN
2023-06-21 17:33:12,335 INFO o.a.j.JMeter: Loading user properties from: /Users/tehang/Downloads/apache-jmeter-5.5/bin/user.properties
2023-06-21 17:33:12,337 INFO o.a.j.JMeter: Loading system properties from: /Users/tehang/Downloads/apache-jmeter-5.5/bin/system.properties
2023-06-21 17:33:12,350 INFO o.a.j.JMeter: Copyright (c) 1998-2022 The Apache Software Foundation
2023-06-21 17:33:12,350 INFO o.a.j.JMeter: Version 5.5
2023-06-21 17:33:12,350 INFO o.a.j.JMeter: java.version=11.0.16
2023-06-21 17:33:12,350 INFO o.a.j.JMeter: java.vm.name=Java HotSpot(TM) 64-Bit Server VM
2023-06-21 17:33:12,350 INFO o.a.j.JMeter: os.name=Mac OS X
2023-06-21 17:33:12,350 INFO o.a.j.JMeter: os.arch=x86_64
2023-06-21 17:33:12,350 INFO o.a.j.JMeter: os.version=12.4
2023-06-21 17:33:12,350 INFO o.a.j.JMeter: file.encoding=UTF-8
2023-06-21 17:33:12,350 INFO o.a.j.JMeter: java.awt.headless=null
2023-06-21 17:33:12,351 INFO o.a.j.JMeter: Max memory     =1073741824
2023-06-21 17:33:12,351 INFO o.a.j.JMeter: Available Processors =8
2023-06-21 17:33:12,367 INFO o.a.j.JMeter: Default Locale=English (EN)
2023-06-21 17:33:12,368 INFO o.a.j.JMeter: JMeter  Locale=Chinese (China)
2023-06-21 17:33:12,368 INFO o.a.j.JMeter: JMeterHome=/Users/tehang/Downloads/apache-jmeter-5.5
2023-06-21 17:33:12,368 INFO o.a.j.JMeter: user.dir  =/Users/tehang/Downloads/apache-jmeter-5.5/bin/ailianprograms
2023-06-21 17:33:12,368 INFO o.a.j.JMeter: PWD       =/Users/tehang/Downloads/apache-jmeter-5.5/bin/ailianprograms
2023-06-21 17:33:12,383 INFO o.a.j.JMeter: IP: 192.168.1.123 Name: tehangdeMacBook-Pro.local FullName: 192.168.1.123
2023-06-21 17:33:12,414 INFO o.a.j.JMeter: Loaded icon properties from org/apache/jmeter/images/icon.properties
2023-06-21 17:33:13,236 INFO o.a.j.JMeterGuiLauncher: Setting LAF to: com.github.weisj.darklaf.DarkLaf:com.github.weisj.darklaf.theme.DarculaTheme
2023-06-21 17:33:22,300 INFO o.j.r.JARSourceHTTP: Requesting https://jmeter-plugins.org/repo/?installID=mac_os_x-f065b121e834b5a7c5b49ecadfdd4f34-gui
2023-06-21 17:33:28,642 INFO o.j.r.PluginManager: Plugins Status: [jpgc-perfmon=2.1, jpgc-plugins-manager=1.9, jmeter-core=5.5, jmeter-ftp=5.5, jmeter-http=5.5, jmeter-jdbc=5.5, jmeter-jms=5.5, jmeter-junit=5.5, jmeter-java=5.5, jmeter-ldap=5.5, jmeter-mail=5.5, jmeter-mongodb=5.5, jmeter-native=5.5, jmeter-tcp=5.5, jmeter-components=5.5]
2023-06-21 17:33:35,284 INFO o.a.j.s.FileServer: Default base='/Users/tehang/Downloads/apache-jmeter-5.5/bin/ailianprograms'
2023-06-21 17:33:35,287 INFO o.a.j.g.a.Load: Loading file: /Users/tehang/Downloads/apache-jmeter-5.5/ailianprograms/特航-国内机票.jmx
2023-06-21 17:33:35,288 INFO o.a.j.s.FileServer: Set new base='/Users/tehang/Downloads/apache-jmeter-5.5/ailianprograms'
2023-06-21 17:33:35,642 INFO o.a.j.s.SaveService: Testplan (JMX) version: 2.2. Testlog (JTL) version: 2.2
2023-06-21 17:33:35,664 INFO o.a.j.s.SaveService: Using SaveService properties version 5.0
2023-06-21 17:33:35,667 INFO o.a.j.s.SaveService: Using SaveService properties file encoding UTF-8
2023-06-21 17:33:35,670 INFO o.a.j.s.SaveService: Loading file: /Users/tehang/Downloads/apache-jmeter-5.5/ailianprograms/特航-国内机票.jmx
2023-06-21 17:33:35,672 WARN o.j.r.p.TestPlanAnalyzer: Failed read jmx file
java.io.FileNotFoundException: /Users/tehang/Downloads/apache-jmeter-5.5/ailianprograms/特航-国内机票.jmx (No such file or directory)
	at java.io.FileInputStream.open0(Native Method) ~[?:?]
	at java.io.FileInputStream.open(FileInputStream.java:219) ~[?:?]
	at java.io.FileInputStream.<init>(FileInputStream.java:157) ~[?:?]
	at org.jmeterplugins.repository.plugins.TestPlanAnalyzer.readBytesFromFile(TestPlanAnalyzer.java:68) ~[jmeter-plugins-manager-1.9.jar:?]
	at org.jmeterplugins.repository.plugins.TestPlanAnalyzer.getNodeListWithClassNames(TestPlanAnalyzer.java:111) ~[jmeter-plugins-manager-1.9.jar:?]
	at org.jmeterplugins.repository.plugins.TestPlanAnalyzer.analyze(TestPlanAnalyzer.java:37) ~[jmeter-plugins-manager-1.9.jar:?]
	at org.jmeterplugins.repository.plugins.PluginSuggester.analyzeTestPlan(PluginSuggester.java:51) ~[jmeter-plugins-manager-1.9.jar:?]
	at org.jmeterplugins.repository.plugins.PluginSuggester.findPluginsToInstall(PluginSuggester.java:44) ~[jmeter-plugins-manager-1.9.jar:?]
	at org.jmeterplugins.repository.plugins.PluginSuggester.checkAndSuggest(PluginSuggester.java:28) ~[jmeter-plugins-manager-1.9.jar:?]
	at org.jmeterplugins.repository.logging.LoggerAppender.append(LoggerAppender.java:33) ~[jmeter-plugins-manager-1.9.jar:?]
	at org.apache.logging.log4j.core.config.AppenderControl.tryCallAppender(AppenderControl.java:161) ~[log4j-core-2.17.2.jar:2.17.2]
	at org.apache.logging.log4j.core.config.AppenderControl.callAppender0(AppenderControl.java:134) ~[log4j-core-2.17.2.jar:2.17.2]
	at org.apache.logging.log4j.core.config.AppenderControl.callAppenderPreventRecursion(AppenderControl.java:125) ~[log4j-core-2.17.2.jar:2.17.2]
	at org.apache.logging.log4j.core.config.AppenderControl.callAppender(AppenderControl.java:89) ~[log4j-core-2.17.2.jar:2.17.2]
	at org.apache.logging.log4j.core.config.LoggerConfig.callAppenders(LoggerConfig.java:675) ~[log4j-core-2.17.2.jar:2.17.2]
	at org.apache.logging.log4j.core.config.LoggerConfig.processLogEvent(LoggerConfig.java:633) ~[log4j-core-2.17.2.jar:2.17.2]
	at org.apache.logging.log4j.core.config.LoggerConfig.log(LoggerConfig.java:616) ~[log4j-core-2.17.2.jar:2.17.2]
	at org.apache.logging.log4j.core.config.LoggerConfig.log(LoggerConfig.java:552) ~[log4j-core-2.17.2.jar:2.17.2]
	at org.apache.logging.log4j.core.config.AwaitCompletionReliabilityStrategy.log(AwaitCompletionReliabilityStrategy.java:82) ~[log4j-core-2.17.2.jar:2.17.2]
	at org.apache.logging.log4j.core.Logger.log(Logger.java:161) ~[log4j-core-2.17.2.jar:2.17.2]
	at org.apache.logging.log4j.spi.AbstractLogger.tryLogMessage(AbstractLogger.java:2205) ~[log4j-api-2.17.2.jar:2.17.2]
	at org.apache.logging.log4j.spi.AbstractLogger.logMessageTrackRecursion(AbstractLogger.java:2159) ~[log4j-api-2.17.2.jar:2.17.2]
	at org.apache.logging.log4j.spi.AbstractLogger.logMessageSafely(AbstractLogger.java:2142) ~[log4j-api-2.17.2.jar:2.17.2]
	at org.apache.logging.log4j.spi.AbstractLogger.logMessage(AbstractLogger.java:2034) ~[log4j-api-2.17.2.jar:2.17.2]
	at org.apache.logging.log4j.spi.AbstractLogger.logIfEnabled(AbstractLogger.java:1899) ~[log4j-api-2.17.2.jar:2.17.2]
	at org.apache.logging.slf4j.Log4jLogger.info(Log4jLogger.java:184) ~[log4j-slf4j-impl-2.17.2.jar:2.17.2]
	at org.apache.jmeter.save.SaveService.loadTree(SaveService.java:425) ~[ApacheJMeter_core.jar:5.5]
	at org.apache.jmeter.gui.action.Load.loadProjectFile(Load.java:129) ~[ApacheJMeter_core.jar:5.5]
	at org.apache.jmeter.gui.action.Load.loadProjectFile(Load.java:101) ~[ApacheJMeter_core.jar:5.5]
	at org.apache.jmeter.gui.action.LoadRecentProject.doActionAfterCheck(LoadRecentProject.java:71) ~[ApacheJMeter_core.jar:5.5]
	at org.apache.jmeter.gui.action.AbstractActionWithNoRunningTest.doAction(AbstractActionWithNoRunningTest.java:44) ~[ApacheJMeter_core.jar:5.5]
	at org.apache.jmeter.gui.action.ActionRouter.performAction(ActionRouter.java:87) ~[ApacheJMeter_core.jar:5.5]
	at org.apache.jmeter.gui.action.ActionRouter.lambda$actionPerformed$0(ActionRouter.java:69) ~[ApacheJMeter_core.jar:5.5]
	at java.awt.event.InvocationEvent.dispatch(InvocationEvent.java:313) ~[?:?]
	at java.awt.EventQueue.dispatchEventImpl(EventQueue.java:770) ~[?:?]
	at java.awt.EventQueue$4.run(EventQueue.java:721) ~[?:?]
	at java.awt.EventQueue$4.run(EventQueue.java:715) ~[?:?]
	at java.security.AccessController.doPrivileged(Native Method) ~[?:?]
	at java.security.ProtectionDomain$JavaSecurityAccessImpl.doIntersectionPrivilege(ProtectionDomain.java:85) ~[?:?]
	at java.awt.EventQueue.dispatchEvent(EventQueue.java:740) ~[?:?]
	at java.awt.EventDispatchThread.pumpOneEventForFilters(EventDispatchThread.java:203) ~[?:?]
	at java.awt.EventDispatchThread.pumpEventsForFilter(EventDispatchThread.java:124) ~[?:?]
	at java.awt.EventDispatchThread.pumpEventsForHierarchy(EventDispatchThread.java:113) ~[?:?]
	at java.awt.EventDispatchThread.pumpEvents(EventDispatchThread.java:109) ~[?:?]
	at java.awt.EventDispatchThread.pumpEvents(EventDispatchThread.java:101) ~[?:?]
	at java.awt.EventDispatchThread.run(EventDispatchThread.java:90) ~[?:?]
2023-06-21 17:33:35,700 WARN o.j.r.p.TestPlanAnalyzer: Cannot parse file: /Users/tehang/Downloads/apache-jmeter-5.5/ailianprograms/特航-国内机票.jmx
org.xml.sax.SAXParseException: Premature end of file.
	at org.apache.xerces.parsers.DOMParser.parse(Unknown Source) ~[xercesImpl-2.12.2.jar:?]
	at org.apache.xerces.jaxp.DocumentBuilderImpl.parse(Unknown Source) ~[xercesImpl-2.12.2.jar:?]
	at javax.xml.parsers.DocumentBuilder.parse(DocumentBuilder.java:122) ~[?:?]
	at org.jmeterplugins.repository.plugins.TestPlanAnalyzer.getNodeListWithClassNames(TestPlanAnalyzer.java:112) ~[jmeter-plugins-manager-1.9.jar:?]
	at org.jmeterplugins.repository.plugins.TestPlanAnalyzer.analyze(TestPlanAnalyzer.java:37) ~[jmeter-plugins-manager-1.9.jar:?]
	at org.jmeterplugins.repository.plugins.PluginSuggester.analyzeTestPlan(PluginSuggester.java:51) ~[jmeter-plugins-manager-1.9.jar:?]
	at org.jmeterplugins.repository.plugins.PluginSuggester.findPluginsToInstall(PluginSuggester.java:44) ~[jmeter-plugins-manager-1.9.jar:?]
	at org.jmeterplugins.repository.plugins.PluginSuggester.checkAndSuggest(PluginSuggester.java:28) ~[jmeter-plugins-manager-1.9.jar:?]
	at org.jmeterplugins.repository.logging.LoggerAppender.append(LoggerAppender.java:33) ~[jmeter-plugins-manager-1.9.jar:?]
	at org.apache.logging.log4j.core.config.AppenderControl.tryCallAppender(AppenderControl.java:161) ~[log4j-core-2.17.2.jar:2.17.2]
	at org.apache.logging.log4j.core.config.AppenderControl.callAppender0(AppenderControl.java:134) ~[log4j-core-2.17.2.jar:2.17.2]
	at org.apache.logging.log4j.core.config.AppenderControl.callAppenderPreventRecursion(AppenderControl.java:125) ~[log4j-core-2.17.2.jar:2.17.2]
	at org.apache.logging.log4j.core.config.AppenderControl.callAppender(AppenderControl.java:89) ~[log4j-core-2.17.2.jar:2.17.2]
	at org.apache.logging.log4j.core.config.LoggerConfig.callAppenders(LoggerConfig.java:675) ~[log4j-core-2.17.2.jar:2.17.2]
	at org.apache.logging.log4j.core.config.LoggerConfig.processLogEvent(LoggerConfig.java:633) ~[log4j-core-2.17.2.jar:2.17.2]
	at org.apache.logging.log4j.core.config.LoggerConfig.log(LoggerConfig.java:616) ~[log4j-core-2.17.2.jar:2.17.2]
	at org.apache.logging.log4j.core.config.LoggerConfig.log(LoggerConfig.java:552) ~[log4j-core-2.17.2.jar:2.17.2]
	at org.apache.logging.log4j.core.config.AwaitCompletionReliabilityStrategy.log(AwaitCompletionReliabilityStrategy.java:82) ~[log4j-core-2.17.2.jar:2.17.2]
	at org.apache.logging.log4j.core.Logger.log(Logger.java:161) ~[log4j-core-2.17.2.jar:2.17.2]
	at org.apache.logging.log4j.spi.AbstractLogger.tryLogMessage(AbstractLogger.java:2205) ~[log4j-api-2.17.2.jar:2.17.2]
	at org.apache.logging.log4j.spi.AbstractLogger.logMessageTrackRecursion(AbstractLogger.java:2159) ~[log4j-api-2.17.2.jar:2.17.2]
	at org.apache.logging.log4j.spi.AbstractLogger.logMessageSafely(AbstractLogger.java:2142) ~[log4j-api-2.17.2.jar:2.17.2]
	at org.apache.logging.log4j.spi.AbstractLogger.logMessage(AbstractLogger.java:2034) ~[log4j-api-2.17.2.jar:2.17.2]
	at org.apache.logging.log4j.spi.AbstractLogger.logIfEnabled(AbstractLogger.java:1899) ~[log4j-api-2.17.2.jar:2.17.2]
	at org.apache.logging.slf4j.Log4jLogger.info(Log4jLogger.java:184) ~[log4j-slf4j-impl-2.17.2.jar:2.17.2]
	at org.apache.jmeter.save.SaveService.loadTree(SaveService.java:425) ~[ApacheJMeter_core.jar:5.5]
	at org.apache.jmeter.gui.action.Load.loadProjectFile(Load.java:129) ~[ApacheJMeter_core.jar:5.5]
	at org.apache.jmeter.gui.action.Load.loadProjectFile(Load.java:101) ~[ApacheJMeter_core.jar:5.5]
	at org.apache.jmeter.gui.action.LoadRecentProject.doActionAfterCheck(LoadRecentProject.java:71) ~[ApacheJMeter_core.jar:5.5]
	at org.apache.jmeter.gui.action.AbstractActionWithNoRunningTest.doAction(AbstractActionWithNoRunningTest.java:44) ~[ApacheJMeter_core.jar:5.5]
	at org.apache.jmeter.gui.action.ActionRouter.performAction(ActionRouter.java:87) ~[ApacheJMeter_core.jar:5.5]
	at org.apache.jmeter.gui.action.ActionRouter.lambda$actionPerformed$0(ActionRouter.java:69) ~[ApacheJMeter_core.jar:5.5]
	at java.awt.event.InvocationEvent.dispatch(InvocationEvent.java:313) ~[?:?]
	at java.awt.EventQueue.dispatchEventImpl(EventQueue.java:770) ~[?:?]
	at java.awt.EventQueue$4.run(EventQueue.java:721) ~[?:?]
	at java.awt.EventQueue$4.run(EventQueue.java:715) ~[?:?]
	at java.security.AccessController.doPrivileged(Native Method) ~[?:?]
	at java.security.ProtectionDomain$JavaSecurityAccessImpl.doIntersectionPrivilege(ProtectionDomain.java:85) ~[?:?]
	at java.awt.EventQueue.dispatchEvent(EventQueue.java:740) ~[?:?]
	at java.awt.EventDispatchThread.pumpOneEventForFilters(EventDispatchThread.java:203) ~[?:?]
	at java.awt.EventDispatchThread.pumpEventsForFilter(EventDispatchThread.java:124) ~[?:?]
	at java.awt.EventDispatchThread.pumpEventsForHierarchy(EventDispatchThread.java:113) ~[?:?]
	at java.awt.EventDispatchThread.pumpEvents(EventDispatchThread.java:109) ~[?:?]
	at java.awt.EventDispatchThread.pumpEvents(EventDispatchThread.java:101) ~[?:?]
	at java.awt.EventDispatchThread.run(EventDispatchThread.java:90) ~[?:?]
2023-06-21 17:33:35,702 WARN o.a.j.g.a.Load: Error reading file. java.io.FileNotFoundException: /Users/tehang/Downloads/apache-jmeter-5.5/ailianprograms/特航-国内机票.jmx (No such file or directory)
2023-06-21 17:33:35,702 ERROR o.a.j.u.JMeterUtils: /Users/tehang/Downloads/apache-jmeter-5.5/ailianprograms/特航-国内机票.jmx (No such file or directory)
2023-06-21 17:33:43,881 INFO o.a.j.g.a.Load: Loading file: /Users/tehang/Downloads/apache-jmeter-5.5/ailianprograms/特航-国内机票.jmx
2023-06-21 17:33:43,881 INFO o.a.j.s.FileServer: Set new base='/Users/tehang/Downloads/apache-jmeter-5.5/ailianprograms'
2023-06-21 17:33:43,881 INFO o.a.j.s.SaveService: Loading file: /Users/tehang/Downloads/apache-jmeter-5.5/ailianprograms/特航-国内机票.jmx
2023-06-21 17:33:43,883 WARN o.j.r.p.TestPlanAnalyzer: Failed read jmx file
java.io.FileNotFoundException: /Users/tehang/Downloads/apache-jmeter-5.5/ailianprograms/特航-国内机票.jmx (No such file or directory)
	at java.io.FileInputStream.open0(Native Method) ~[?:?]
	at java.io.FileInputStream.open(FileInputStream.java:219) ~[?:?]
	at java.io.FileInputStream.<init>(FileInputStream.java:157) ~[?:?]
	at org.jmeterplugins.repository.plugins.TestPlanAnalyzer.readBytesFromFile(TestPlanAnalyzer.java:68) ~[jmeter-plugins-manager-1.9.jar:?]
	at org.jmeterplugins.repository.plugins.TestPlanAnalyzer.getNodeListWithClassNames(TestPlanAnalyzer.java:111) ~[jmeter-plugins-manager-1.9.jar:?]
	at org.jmeterplugins.repository.plugins.TestPlanAnalyzer.analyze(TestPlanAnalyzer.java:37) ~[jmeter-plugins-manager-1.9.jar:?]
	at org.jmeterplugins.repository.plugins.PluginSuggester.analyzeTestPlan(PluginSuggester.java:51) ~[jmeter-plugins-manager-1.9.jar:?]
	at org.jmeterplugins.repository.plugins.PluginSuggester.findPluginsToInstall(PluginSuggester.java:44) ~[jmeter-plugins-manager-1.9.jar:?]
	at org.jmeterplugins.repository.plugins.PluginSuggester.checkAndSuggest(PluginSuggester.java:28) ~[jmeter-plugins-manager-1.9.jar:?]
	at org.jmeterplugins.repository.logging.LoggerAppender.append(LoggerAppender.java:33) ~[jmeter-plugins-manager-1.9.jar:?]
	at org.apache.logging.log4j.core.config.AppenderControl.tryCallAppender(AppenderControl.java:161) ~[log4j-core-2.17.2.jar:2.17.2]
	at org.apache.logging.log4j.core.config.AppenderControl.callAppender0(AppenderControl.java:134) ~[log4j-core-2.17.2.jar:2.17.2]
	at org.apache.logging.log4j.core.config.AppenderControl.callAppenderPreventRecursion(AppenderControl.java:125) ~[log4j-core-2.17.2.jar:2.17.2]
	at org.apache.logging.log4j.core.config.AppenderControl.callAppender(AppenderControl.java:89) ~[log4j-core-2.17.2.jar:2.17.2]
	at org.apache.logging.log4j.core.config.LoggerConfig.callAppenders(LoggerConfig.java:675) ~[log4j-core-2.17.2.jar:2.17.2]
	at org.apache.logging.log4j.core.config.LoggerConfig.processLogEvent(LoggerConfig.java:633) ~[log4j-core-2.17.2.jar:2.17.2]
	at org.apache.logging.log4j.core.config.LoggerConfig.log(LoggerConfig.java:616) ~[log4j-core-2.17.2.jar:2.17.2]
	at org.apache.logging.log4j.core.config.LoggerConfig.log(LoggerConfig.java:552) ~[log4j-core-2.17.2.jar:2.17.2]
	at org.apache.logging.log4j.core.config.AwaitCompletionReliabilityStrategy.log(AwaitCompletionReliabilityStrategy.java:82) ~[log4j-core-2.17.2.jar:2.17.2]
	at org.apache.logging.log4j.core.Logger.log(Logger.java:161) ~[log4j-core-2.17.2.jar:2.17.2]
	at org.apache.logging.log4j.spi.AbstractLogger.tryLogMessage(AbstractLogger.java:2205) ~[log4j-api-2.17.2.jar:2.17.2]
	at org.apache.logging.log4j.spi.AbstractLogger.logMessageTrackRecursion(AbstractLogger.java:2159) ~[log4j-api-2.17.2.jar:2.17.2]
	at org.apache.logging.log4j.spi.AbstractLogger.logMessageSafely(AbstractLogger.java:2142) ~[log4j-api-2.17.2.jar:2.17.2]
	at org.apache.logging.log4j.spi.AbstractLogger.logMessage(AbstractLogger.java:2034) ~[log4j-api-2.17.2.jar:2.17.2]
	at org.apache.logging.log4j.spi.AbstractLogger.logIfEnabled(AbstractLogger.java:1899) ~[log4j-api-2.17.2.jar:2.17.2]
	at org.apache.logging.slf4j.Log4jLogger.info(Log4jLogger.java:184) ~[log4j-slf4j-impl-2.17.2.jar:2.17.2]
	at org.apache.jmeter.save.SaveService.loadTree(SaveService.java:425) ~[ApacheJMeter_core.jar:5.5]
	at org.apache.jmeter.gui.action.Load.loadProjectFile(Load.java:129) ~[ApacheJMeter_core.jar:5.5]
	at org.apache.jmeter.gui.action.Load.loadProjectFile(Load.java:101) ~[ApacheJMeter_core.jar:5.5]
	at org.apache.jmeter.gui.action.LoadRecentProject.doActionAfterCheck(LoadRecentProject.java:71) ~[ApacheJMeter_core.jar:5.5]
	at org.apache.jmeter.gui.action.AbstractActionWithNoRunningTest.doAction(AbstractActionWithNoRunningTest.java:44) ~[ApacheJMeter_core.jar:5.5]
	at org.apache.jmeter.gui.action.ActionRouter.performAction(ActionRouter.java:87) ~[ApacheJMeter_core.jar:5.5]
	at org.apache.jmeter.gui.action.ActionRouter.lambda$actionPerformed$0(ActionRouter.java:69) ~[ApacheJMeter_core.jar:5.5]
	at java.awt.event.InvocationEvent.dispatch(InvocationEvent.java:313) ~[?:?]
	at java.awt.EventQueue.dispatchEventImpl(EventQueue.java:770) ~[?:?]
	at java.awt.EventQueue$4.run(EventQueue.java:721) ~[?:?]
	at java.awt.EventQueue$4.run(EventQueue.java:715) ~[?:?]
	at java.security.AccessController.doPrivileged(Native Method) ~[?:?]
	at java.security.ProtectionDomain$JavaSecurityAccessImpl.doIntersectionPrivilege(ProtectionDomain.java:85) ~[?:?]
	at java.awt.EventQueue.dispatchEvent(EventQueue.java:740) ~[?:?]
	at java.awt.EventDispatchThread.pumpOneEventForFilters(EventDispatchThread.java:203) ~[?:?]
	at java.awt.EventDispatchThread.pumpEventsForFilter(EventDispatchThread.java:124) ~[?:?]
	at java.awt.EventDispatchThread.pumpEventsForHierarchy(EventDispatchThread.java:113) ~[?:?]
	at java.awt.EventDispatchThread.pumpEvents(EventDispatchThread.java:109) ~[?:?]
	at java.awt.EventDispatchThread.pumpEvents(EventDispatchThread.java:101) ~[?:?]
	at java.awt.EventDispatchThread.run(EventDispatchThread.java:90) ~[?:?]
2023-06-21 17:33:43,884 WARN o.j.r.p.TestPlanAnalyzer: Cannot parse file: /Users/tehang/Downloads/apache-jmeter-5.5/ailianprograms/特航-国内机票.jmx
org.xml.sax.SAXParseException: Premature end of file.
	at org.apache.xerces.parsers.DOMParser.parse(Unknown Source) ~[xercesImpl-2.12.2.jar:?]
	at org.apache.xerces.jaxp.DocumentBuilderImpl.parse(Unknown Source) ~[xercesImpl-2.12.2.jar:?]
	at javax.xml.parsers.DocumentBuilder.parse(DocumentBuilder.java:122) ~[?:?]
	at org.jmeterplugins.repository.plugins.TestPlanAnalyzer.getNodeListWithClassNames(TestPlanAnalyzer.java:112) ~[jmeter-plugins-manager-1.9.jar:?]
	at org.jmeterplugins.repository.plugins.TestPlanAnalyzer.analyze(TestPlanAnalyzer.java:37) ~[jmeter-plugins-manager-1.9.jar:?]
	at org.jmeterplugins.repository.plugins.PluginSuggester.analyzeTestPlan(PluginSuggester.java:51) ~[jmeter-plugins-manager-1.9.jar:?]
	at org.jmeterplugins.repository.plugins.PluginSuggester.findPluginsToInstall(PluginSuggester.java:44) ~[jmeter-plugins-manager-1.9.jar:?]
	at org.jmeterplugins.repository.plugins.PluginSuggester.checkAndSuggest(PluginSuggester.java:28) ~[jmeter-plugins-manager-1.9.jar:?]
	at org.jmeterplugins.repository.logging.LoggerAppender.append(LoggerAppender.java:33) ~[jmeter-plugins-manager-1.9.jar:?]
	at org.apache.logging.log4j.core.config.AppenderControl.tryCallAppender(AppenderControl.java:161) ~[log4j-core-2.17.2.jar:2.17.2]
	at org.apache.logging.log4j.core.config.AppenderControl.callAppender0(AppenderControl.java:134) ~[log4j-core-2.17.2.jar:2.17.2]
	at org.apache.logging.log4j.core.config.AppenderControl.callAppenderPreventRecursion(AppenderControl.java:125) ~[log4j-core-2.17.2.jar:2.17.2]
	at org.apache.logging.log4j.core.config.AppenderControl.callAppender(AppenderControl.java:89) ~[log4j-core-2.17.2.jar:2.17.2]
	at org.apache.logging.log4j.core.config.LoggerConfig.callAppenders(LoggerConfig.java:675) ~[log4j-core-2.17.2.jar:2.17.2]
	at org.apache.logging.log4j.core.config.LoggerConfig.processLogEvent(LoggerConfig.java:633) ~[log4j-core-2.17.2.jar:2.17.2]
	at org.apache.logging.log4j.core.config.LoggerConfig.log(LoggerConfig.java:616) ~[log4j-core-2.17.2.jar:2.17.2]
	at org.apache.logging.log4j.core.config.LoggerConfig.log(LoggerConfig.java:552) ~[log4j-core-2.17.2.jar:2.17.2]
	at org.apache.logging.log4j.core.config.AwaitCompletionReliabilityStrategy.log(AwaitCompletionReliabilityStrategy.java:82) ~[log4j-core-2.17.2.jar:2.17.2]
	at org.apache.logging.log4j.core.Logger.log(Logger.java:161) ~[log4j-core-2.17.2.jar:2.17.2]
	at org.apache.logging.log4j.spi.AbstractLogger.tryLogMessage(AbstractLogger.java:2205) ~[log4j-api-2.17.2.jar:2.17.2]
	at org.apache.logging.log4j.spi.AbstractLogger.logMessageTrackRecursion(AbstractLogger.java:2159) ~[log4j-api-2.17.2.jar:2.17.2]
	at org.apache.logging.log4j.spi.AbstractLogger.logMessageSafely(AbstractLogger.java:2142) ~[log4j-api-2.17.2.jar:2.17.2]
	at org.apache.logging.log4j.spi.AbstractLogger.logMessage(AbstractLogger.java:2034) ~[log4j-api-2.17.2.jar:2.17.2]
	at org.apache.logging.log4j.spi.AbstractLogger.logIfEnabled(AbstractLogger.java:1899) ~[log4j-api-2.17.2.jar:2.17.2]
	at org.apache.logging.slf4j.Log4jLogger.info(Log4jLogger.java:184) ~[log4j-slf4j-impl-2.17.2.jar:2.17.2]
	at org.apache.jmeter.save.SaveService.loadTree(SaveService.java:425) ~[ApacheJMeter_core.jar:5.5]
	at org.apache.jmeter.gui.action.Load.loadProjectFile(Load.java:129) ~[ApacheJMeter_core.jar:5.5]
	at org.apache.jmeter.gui.action.Load.loadProjectFile(Load.java:101) ~[ApacheJMeter_core.jar:5.5]
	at org.apache.jmeter.gui.action.LoadRecentProject.doActionAfterCheck(LoadRecentProject.java:71) ~[ApacheJMeter_core.jar:5.5]
	at org.apache.jmeter.gui.action.AbstractActionWithNoRunningTest.doAction(AbstractActionWithNoRunningTest.java:44) ~[ApacheJMeter_core.jar:5.5]
	at org.apache.jmeter.gui.action.ActionRouter.performAction(ActionRouter.java:87) ~[ApacheJMeter_core.jar:5.5]
	at org.apache.jmeter.gui.action.ActionRouter.lambda$actionPerformed$0(ActionRouter.java:69) ~[ApacheJMeter_core.jar:5.5]
	at java.awt.event.InvocationEvent.dispatch(InvocationEvent.java:313) ~[?:?]
	at java.awt.EventQueue.dispatchEventImpl(EventQueue.java:770) ~[?:?]
	at java.awt.EventQueue$4.run(EventQueue.java:721) ~[?:?]
	at java.awt.EventQueue$4.run(EventQueue.java:715) ~[?:?]
	at java.security.AccessController.doPrivileged(Native Method) ~[?:?]
	at java.security.ProtectionDomain$JavaSecurityAccessImpl.doIntersectionPrivilege(ProtectionDomain.java:85) ~[?:?]
	at java.awt.EventQueue.dispatchEvent(EventQueue.java:740) ~[?:?]
	at java.awt.EventDispatchThread.pumpOneEventForFilters(EventDispatchThread.java:203) ~[?:?]
	at java.awt.EventDispatchThread.pumpEventsForFilter(EventDispatchThread.java:124) ~[?:?]
	at java.awt.EventDispatchThread.pumpEventsForHierarchy(EventDispatchThread.java:113) ~[?:?]
	at java.awt.EventDispatchThread.pumpEvents(EventDispatchThread.java:109) ~[?:?]
	at java.awt.EventDispatchThread.pumpEvents(EventDispatchThread.java:101) ~[?:?]
	at java.awt.EventDispatchThread.run(EventDispatchThread.java:90) ~[?:?]
2023-06-21 17:33:43,884 WARN o.a.j.g.a.Load: Error reading file. java.io.FileNotFoundException: /Users/tehang/Downloads/apache-jmeter-5.5/ailianprograms/特航-国内机票.jmx (No such file or directory)
2023-06-21 17:33:43,884 ERROR o.a.j.u.JMeterUtils: /Users/tehang/Downloads/apache-jmeter-5.5/ailianprograms/特航-国内机票.jmx (No such file or directory)
2023-06-21 17:33:56,439 INFO o.a.j.g.a.Load: Loading file: /Users/tehang/Downloads/apache-jmeter-5.5/bin/ailianprograms/特航-国内机票.jmx
2023-06-21 17:33:56,441 INFO o.a.j.s.FileServer: Set new base='/Users/tehang/Downloads/apache-jmeter-5.5/bin/ailianprograms'
2023-06-21 17:33:56,441 INFO o.a.j.s.SaveService: Loading file: /Users/tehang/Downloads/apache-jmeter-5.5/bin/ailianprograms/特航-国内机票.jmx
2023-06-21 17:33:56,731 INFO o.a.j.p.h.c.CookieManager: Settings: Delete null: true Check: true Allow variable: true Save: false Prefix: COOKIE_
2023-06-21 17:33:56,737 INFO o.a.j.p.h.s.HTTPSamplerBase: Parser for text/html is org.apache.jmeter.protocol.http.parser.LagartoBasedHtmlParser
2023-06-21 17:33:56,738 INFO o.a.j.p.h.s.HTTPSamplerBase: Parser for application/xhtml+xml is org.apache.jmeter.protocol.http.parser.LagartoBasedHtmlParser
2023-06-21 17:33:56,738 INFO o.a.j.p.h.s.HTTPSamplerBase: Parser for application/xml is org.apache.jmeter.protocol.http.parser.LagartoBasedHtmlParser
2023-06-21 17:33:56,738 INFO o.a.j.p.h.s.HTTPSamplerBase: Parser for text/xml is org.apache.jmeter.protocol.http.parser.LagartoBasedHtmlParser
2023-06-21 17:33:56,738 INFO o.a.j.p.h.s.HTTPSamplerBase: Parser for text/vnd.wap.wml is org.apache.jmeter.protocol.http.parser.RegexpHTMLParser
2023-06-21 17:33:56,738 INFO o.a.j.p.h.s.HTTPSamplerBase: Parser for text/css is org.apache.jmeter.protocol.http.parser.CssParser
2023-06-21 17:33:57,021 INFO o.a.j.s.SampleResult: Note: Sample TimeStamps are START times
2023-06-21 17:33:57,021 INFO o.a.j.s.SampleResult: sampleresult.default.encoding is set to ISO-8859-1
2023-06-21 17:33:57,021 INFO o.a.j.s.SampleResult: sampleresult.useNanoTime=true
2023-06-21 17:33:57,021 INFO o.a.j.s.SampleResult: sampleresult.nanoThreadSleep=5000
2023-06-21 17:33:57,517 INFO o.a.j.v.ViewResultsFullVisualizer: Add JavaFX to your Java installation if you want to use renderer: org.apache.jmeter.visualizers.RenderInBrowser
2023-06-21 17:33:57,721 INFO o.a.j.s.FileServer: Set new base='/Users/tehang/Downloads/apache-jmeter-5.5/bin/ailianprograms'
2023-06-21 17:37:46,640 INFO o.a.j.e.StandardJMeterEngine: Running the test!
2023-06-21 17:37:46,642 INFO o.a.j.s.SampleEvent: List of sample_variables: []
2023-06-21 17:37:46,643 INFO o.a.j.s.SampleEvent: List of sample_variables: []
2023-06-21 17:37:46,644 INFO o.a.j.e.u.CompoundVariable: Note: Function class names must contain the string: '.functions.'
2023-06-21 17:37:46,644 INFO o.a.j.e.u.CompoundVariable: Note: Function class names must not contain the string: '.gui.'
2023-06-21 17:37:46,999 INFO o.a.j.g.u.JMeterMenuBar: setRunning(true, *local*)
2023-06-21 17:37:47,065 INFO o.a.j.e.StandardJMeterEngine: Starting ThreadGroup: 1 : 自主登录
2023-06-21 17:37:47,066 INFO o.a.j.e.StandardJMeterEngine: Starting 6 threads for group 自主登录.
2023-06-21 17:37:47,066 INFO o.a.j.e.StandardJMeterEngine: Thread will continue on error
2023-06-21 17:37:47,066 INFO o.a.j.t.ThreadGroup: Starting thread group... number=1 threads=6 ramp-up=1 delayedStart=false
2023-06-21 17:37:47,080 INFO o.a.j.t.JMeterThread: Thread started: 自主登录 1-1
2023-06-21 17:37:47,082 INFO o.a.j.t.ThreadGroup: Started thread group number 1
2023-06-21 17:37:47,082 INFO o.a.j.e.StandardJMeterEngine: All thread groups have been started
2023-06-21 17:37:47,086 INFO o.a.j.s.FileServer: Stored: /Users/tehang/Downloads/apache-jmeter-5.5/bin/ailianprograms/loginparams.csv Alias: /Users/tehang/Downloads/apache-jmeter-5.5/bin/ailianprograms/loginparams.csv@1844359908
2023-06-21 17:37:47,101 INFO o.a.j.p.h.s.HTTPHCAbstractImpl: Local host = tehangdeMacBook-Pro.local
2023-06-21 17:37:47,111 INFO o.a.j.p.h.s.HTTPHC4Impl: HTTP request retry count = 0
2023-06-21 17:37:47,201 INFO o.a.j.p.h.s.h.LazyLayeredConnectionSocketFactory: Setting up HTTPS TrustAll Socket Factory
2023-06-21 17:37:47,204 INFO o.a.j.u.JsseSSLManager: Using default SSL protocol: TLS
2023-06-21 17:37:47,204 INFO o.a.j.u.JsseSSLManager: SSL session context: per-thread
2023-06-21 17:37:47,213 INFO o.a.j.u.SSLManager: JmeterKeyStore Location:  type JKS
2023-06-21 17:37:47,214 INFO o.a.j.u.SSLManager: KeyStore created OK
2023-06-21 17:37:47,214 WARN o.a.j.u.SSLManager: Keystore file not found, loading empty keystore
2023-06-21 17:37:47,242 INFO o.a.j.t.JMeterThread: Thread started: 自主登录 1-2
2023-06-21 17:37:47,369 INFO o.a.j.t.JMeterThread: Thread is done: 自主登录 1-2
2023-06-21 17:37:47,369 INFO o.a.j.t.JMeterThread: Thread is done: 自主登录 1-1
2023-06-21 17:37:47,370 INFO o.a.j.t.JMeterThread: Thread finished: 自主登录 1-2
2023-06-21 17:37:47,370 INFO o.a.j.t.JMeterThread: Thread finished: 自主登录 1-1
2023-06-21 17:37:47,407 INFO o.a.j.t.JMeterThread: Thread started: 自主登录 1-3
2023-06-21 17:37:47,573 INFO o.a.j.t.JMeterThread: Thread started: 自主登录 1-4
2023-06-21 17:37:47,739 INFO o.a.j.t.JMeterThread: Thread started: 自主登录 1-5
2023-06-21 17:37:47,906 INFO o.a.j.t.JMeterThread: Thread started: 自主登录 1-6
2023-06-21 17:37:48,344 INFO o.a.j.t.JMeterThread: Thread is done: 自主登录 1-3
2023-06-21 17:37:48,344 INFO o.a.j.t.JMeterThread: Thread finished: 自主登录 1-3
2023-06-21 17:37:49,345 INFO o.a.j.t.JMeterThread: Thread is done: 自主登录 1-5
2023-06-21 17:37:49,345 INFO o.a.j.t.JMeterThread: Thread is done: 自主登录 1-4
2023-06-21 17:37:49,345 INFO o.a.j.t.JMeterThread: Thread finished: 自主登录 1-5
2023-06-21 17:37:49,345 INFO o.a.j.t.JMeterThread: Thread finished: 自主登录 1-4
2023-06-21 17:37:49,361 INFO o.a.j.t.JMeterThread: Thread is done: 自主登录 1-6
2023-06-21 17:37:49,361 INFO o.a.j.t.JMeterThread: Thread finished: 自主登录 1-6
2023-06-21 17:37:49,362 INFO o.a.j.e.StandardJMeterEngine: Notifying test listeners of end of test
2023-06-21 17:37:49,362 INFO o.a.j.s.FileServer: Close: /Users/tehang/Downloads/apache-jmeter-5.5/bin/ailianprograms/loginparams.csv@1844359908
2023-06-21 17:37:49,366 INFO o.a.j.g.u.JMeterMenuBar: setRunning(false, *local*)
